This is pdfTeXk, Version 3.141592-1.40.3 (Web2C 7.5.6) (format=pdflatex 2015.5.15)  26 MAY 2015 16:14
entering extended mode
 %&-line parsing enabled.
**main.tex
(./main.tex
LaTeX2e <2005/12/01>
Babel <v3.8h> and hyphenation patterns for english, usenglishmax, dumylang, noh
yphenation, arabic, basque, bulgarian, coptic, welsh, czech, slovak, german, ng
erman, danish, esperanto, spanish, catalan, galician, estonian, farsi, finnish,
 french, greek, monogreek, ancientgreek, croatian, hungarian, interlingua, ibyc
us, indonesian, icelandic, italian, latin, mongolian, dutch, norsk, polish, por
tuguese, pinyin, romanian, russian, slovenian, uppersorbian, serbian, swedish, 
turkish, ukenglish, ukrainian, loaded.
(/usr/share/texmf/tex/latex/base/report.cls
Document Class: report 2005/09/16 v1.4f Standard LaTeX document class
(/usr/share/texmf/tex/latex/base/size12.clo
File: size12.clo 2005/09/16 v1.4f Standard LaTeX file (size option)
)
\c@part=\count79
\c@chapter=\count80
\c@section=\count81
\c@subsection=\count82
\c@subsubsection=\count83
\c@paragraph=\count84
\c@subparagraph=\count85
\c@figure=\count86
\c@table=\count87
\abovecaptionskip=\skip41
\belowcaptionskip=\skip42
\bibindent=\dimen102
)
(/usr/share/texmf/tex/latex/amsmath/amsmath.sty
Package: amsmath 2000/07/18 v2.13 AMS math features
\@mathmargin=\skip43

For additional information on amsmath, use the `?' option.
(/usr/share/texmf/tex/latex/amsmath/amstext.sty
Package: amstext 2000/06/29 v2.01

(/usr/share/texmf/tex/latex/amsmath/amsgen.sty
File: amsgen.sty 1999/11/30 v2.0
\@emptytoks=\toks14
\ex@=\dimen103
))
(/usr/share/texmf/tex/latex/amsmath/amsbsy.sty
Package: amsbsy 1999/11/29 v1.2d
\pmbraise@=\dimen104
)
(/usr/share/texmf/tex/latex/amsmath/amsopn.sty
Package: amsopn 1999/12/14 v2.01 operator names
)
\inf@bad=\count88
LaTeX Info: Redefining \frac on input line 211.
\uproot@=\count89
\leftroot@=\count90
LaTeX Info: Redefining \overline on input line 307.
\classnum@=\count91
\DOTSCASE@=\count92
LaTeX Info: Redefining \ldots on input line 379.
LaTeX Info: Redefining \dots on input line 382.
LaTeX Info: Redefining \cdots on input line 467.
\Mathstrutbox@=\box26
\strutbox@=\box27
\big@size=\dimen105
LaTeX Font Info:    Redeclaring font encoding OML on input line 567.
LaTeX Font Info:    Redeclaring font encoding OMS on input line 568.
\macc@depth=\count93
\c@MaxMatrixCols=\count94
\dotsspace@=\muskip10
\c@parentequation=\count95
\dspbrk@lvl=\count96
\tag@help=\toks15
\row@=\count97
\column@=\count98
\maxfields@=\count99
\andhelp@=\toks16
\eqnshift@=\dimen106
\alignsep@=\dimen107
\tagshift@=\dimen108
\tagwidth@=\dimen109
\totwidth@=\dimen110
\lineht@=\dimen111
\@envbody=\toks17
\multlinegap=\skip44
\multlinetaggap=\skip45
\mathdisplay@stack=\toks18
LaTeX Info: Redefining \[ on input line 2666.
LaTeX Info: Redefining \] on input line 2667.
)
(/usr/share/texmf/tex/latex/amsfonts/amsfonts.sty
Package: amsfonts 2001/10/25 v2.2f
\symAMSa=\mathgroup4
\symAMSb=\mathgroup5
LaTeX Font Info:    Overwriting math alphabet `\mathfrak' in version `bold'
(Font)                  U/euf/m/n --> U/euf/b/n on input line 132.
)
(/usr/share/texmf/tex/latex/amsfonts/amssymb.sty
Package: amssymb 2002/01/22 v2.2d
)
(/usr/share/texmf/tex/latex/amscls/amsthm.sty
Package: amsthm 2004/08/06 v2.20
\thm@style=\toks19
\thm@bodyfont=\toks20
\thm@headfont=\toks21
\thm@notefont=\toks22
\thm@headpunct=\toks23
\thm@preskip=\skip46
\thm@postskip=\skip47
\thm@headsep=\skip48
\dth@everypar=\toks24
)
(/usr/share/texmf/tex/latex/graphics/graphicx.sty
Package: graphicx 1999/02/16 v1.0f Enhanced LaTeX Graphics (DPC,SPQR)

(/usr/share/texmf/tex/latex/graphics/keyval.sty
Package: keyval 1999/03/16 v1.13 key=value parser (DPC)
\KV@toks@=\toks25
)
(/usr/share/texmf/tex/latex/graphics/graphics.sty
Package: graphics 2006/02/20 v1.0o Standard LaTeX Graphics (DPC,SPQR)

(/usr/share/texmf/tex/latex/graphics/trig.sty
Package: trig 1999/03/16 v1.09 sin cos tan (DPC)
)
(/usr/share/texmf/tex/latex/config/graphics.cfg
File: graphics.cfg 2007/01/18 v1.5 graphics configuration of teTeX/TeXLive
)
Package graphics Info: Driver file: pdftex.def on input line 90.

(/usr/share/texmf/tex/latex/pdftex-def/pdftex.def
File: pdftex.def 2007/01/08 v0.04d Graphics/color for pdfTeX
\Gread@gobject=\count100
))
\Gin@req@height=\dimen112
\Gin@req@width=\dimen113
)
(/usr/share/texmf/tex/latex/base/newlfont.sty
Package: newlfont 1998/08/17 v2.2m Standard LaTeX package
LaTeX Info: Redefining \em on input line 67.

(/usr/share/texmf/tex/latex/base/latexsym.sty
Package: latexsym 1998/08/17 v2.2e Standard LaTeX package (lasy symbols)
\symlasy=\mathgroup6
LaTeX Font Info:    Overwriting symbol font `lasy' in version `bold'
(Font)                  U/lasy/m/n --> U/lasy/b/n on input line 47.
))
(/usr/share/texmf/tex/latex/fancyhdr/fancyhdr.sty
\fancy@headwidth=\skip49
\f@ncyO@elh=\skip50
\f@ncyO@erh=\skip51
\f@ncyO@olh=\skip52
\f@ncyO@orh=\skip53
\f@ncyO@elf=\skip54
\f@ncyO@erf=\skip55
\f@ncyO@olf=\skip56
\f@ncyO@orf=\skip57
)
(/usr/share/texmf/tex/latex/appendix/appendix.sty
Package: appendix 2002/08/06 v1.2 extra appendix facilities
\c@@pps=\count101
\c@@ppsavesec=\count102
\c@@ppsaveapp=\count103
)
(/usr/share/texmf/tex/latex/hyperref/hyperref.sty
Package: hyperref 2007/02/07 v6.75r Hypertext links for LaTeX
\@linkdim=\dimen114
\Hy@linkcounter=\count104
\Hy@pagecounter=\count105

(/usr/share/texmf/tex/latex/hyperref/pd1enc.def
File: pd1enc.def 2007/02/07 v6.75r Hyperref: PDFDocEncoding definition (HO)
)
(/usr/share/texmf/tex/latex/config/hyperref.cfg
File: hyperref.cfg 2002/06/06 v1.2 hyperref configuration of TeXLive
)
(/usr/share/texmf/tex/latex/oberdiek/kvoptions.sty
Package: kvoptions 2006/08/22 v2.4 Connects package keyval with LaTeX options (
HO)
)
Package hyperref Info: Hyper figures OFF on input line 2288.
Package hyperref Info: Link nesting OFF on input line 2293.
Package hyperref Info: Hyper index ON on input line 2296.
Package hyperref Info: Plain pages OFF on input line 2303.
Package hyperref Info: Backreferencing OFF on input line 2308.

Implicit mode ON; LaTeX internals redefined
Package hyperref Info: Bookmarks ON on input line 2444.
(/usr/share/texmf/tex/latex/html/url.sty
Package: url 1999/03/02  ver 1.4  Verb mode for urls, email addresses, and file
 names
)
LaTeX Info: Redefining \url on input line 2599.
\Fld@menulength=\count106
\Field@Width=\dimen115
\Fld@charsize=\dimen116
\Choice@toks=\toks26
\Field@toks=\toks27
Package hyperref Info: Hyper figures OFF on input line 3102.
Package hyperref Info: Link nesting OFF on input line 3107.
Package hyperref Info: Hyper index ON on input line 3110.
Package hyperref Info: backreferencing OFF on input line 3117.
Package hyperref Info: Link coloring OFF on input line 3122.
\Hy@abspage=\count107
\c@Item=\count108
\c@Hfootnote=\count109
)
*hyperref using default driver hpdftex*
(/usr/share/texmf/tex/latex/hyperref/hpdftex.def
File: hpdftex.def 2007/02/07 v6.75r Hyperref driver for pdfTeX
\Fld@listcount=\count110
)
(/usr/share/texmf/tex/latex/base/makeidx.sty
Package: makeidx 2000/03/29 v1.0m Standard LaTeX package
) (./waqar.sty
Document Style Option `dalthesis'.
) (./XTocinc.sty
\tclineskip=\skip58
) (/usr/share/texmf/tex/latex/nomencl/nomencl.sty
Package: nomencl 2005/09/22 v4.2 Nomenclature package (LN)
\nomlabelwidth=\dimen117
\nom@tempdim=\dimen118
\nomitemsep=\skip59
)
(/usr/share/texmf/tex/generic/babel/babel.sty
Package: babel 2005/11/23 v3.8h The Babel package

(/usr/share/texmf/tex/generic/babel/english.ldf
Language: english 2005/03/30 v3.3o English support from the babel system

(/usr/share/texmf/tex/generic/babel/babel.def
File: babel.def 2005/11/23 v3.8h Babel common definitions
\babel@savecnt=\count111
\U@D=\dimen119
)
\l@british = a dialect from \language\l@english 
\l@UKenglish = a dialect from \language\l@english 
\l@canadian = a dialect from \language\l@american 
\l@australian = a dialect from \language\l@british 
\l@newzealand = a dialect from \language\l@british 
))
(/usr/share/texmf/tex/latex/multirow/multirow.sty
\bigstrutjot=\dimen120
)
\defbaselineskip=\skip60
\c@thm=\count112
\c@defn=\count113
\c@rem=\count114
\@indexfile=\write3
\openout3 = `main.idx'.


Writing index file main.idx

Package Fancyhdr Warning: \fancyhead's `E' option without twoside option is use
less on input line 90.


Package Fancyhdr Warning: \fancyhead's `E' option without twoside option is use
less on input line 91.

(./main.aux (./mycontri.aux) (./chapt1.aux))
\openout1 = `main.aux'.

LaTeX Font Info:    Checking defaults for OML/cmm/m/it on input line 101.
LaTeX Font Info:    ... okay on input line 101.
LaTeX Font Info:    Checking defaults for T1/cmr/m/n on input line 101.
LaTeX Font Info:    ... okay on input line 101.
LaTeX Font Info:    Checking defaults for OT1/cmr/m/n on input line 101.
LaTeX Font Info:    ... okay on input line 101.
LaTeX Font Info:    Checking defaults for OMS/cmsy/m/n on input line 101.
LaTeX Font Info:    ... okay on input line 101.
LaTeX Font Info:    Checking defaults for OMX/cmex/m/n on input line 101.
LaTeX Font Info:    ... okay on input line 101.
LaTeX Font Info:    Checking defaults for U/cmr/m/n on input line 101.
LaTeX Font Info:    ... okay on input line 101.
LaTeX Font Info:    Checking defaults for PD1/pdf/m/n on input line 101.
LaTeX Font Info:    ... okay on input line 101.
Package hyperref Info: Link coloring OFF on input line 101.

(/usr/share/texmf/tex/latex/hyperref/nameref.sty
Package: nameref 2006/12/27 v2.28 Cross-referencing by name of section

(/usr/share/texmf/tex/latex/oberdiek/refcount.sty
Package: refcount 2006/02/20 v3.0 Data extraction from references (HO)
)
\c@section@level=\count115
)
LaTeX Info: Redefining \ref on input line 101.
LaTeX Info: Redefining \pageref on input line 101.
 (./main.out) (./main.out)
\@outlinefile=\write4
\openout4 = `main.out'.


Most over/underfulls in first few pages are the fault of dalthesis.
Ignore all them. If uncorrectable errors occur, notify staff.
LaTeX Font Info:    Try loading font information for U+msa on input line 109.
(/usr/share/texmf/tex/latex/amsfonts/umsa.fd
File: umsa.fd 2002/01/19 v2.2g AMS font definitions
)
LaTeX Font Info:    Try loading font information for U+msb on input line 109.

(/usr/share/texmf/tex/latex/amsfonts/umsb.fd
File: umsb.fd 2002/01/19 v2.2g AMS font definitions
)
LaTeX Font Info:    Try loading font information for U+lasy on input line 109.

(/usr/share/texmf/tex/latex/base/ulasy.fd
File: ulasy.fd 1998/08/17 v2.2e LaTeX symbol font definitions
)
<pic/comsats.png, id=74, 225.84375pt x 225.84375pt>
File: pic/comsats.png Graphic file (type png)
 <use pic/comsats.png>
[1

{/usr/share/texmf/fonts/map/pdftex/updmap/pdftex.map} <./pic/comsats.png (PNG c
opy)>]
Underfull \hbox (badness 10000) in paragraph at lines 109--109

 []

Missing character: There is no ¬ in font cmr12!
Missing character: There is no ≠ in font cmr12!
Missing character: There is no ‚ in font cmr12!
Missing character: There is no Ä in font cmr12!
Missing character: There is no ê in font cmr12!
[2]
Overfull \hbox (40.14125pt too wide) detected at line 109
\OT1/cmr/m/n/12 Author:
 []


Overfull \hbox (28.06915pt too wide) detected at line 109
\OT1/cmr/m/n/12 Title:
 []


Overfull \hbox (64.78545pt too wide) detected at line 109
\OT1/cmr/m/n/12 Department:
 []

Warning! Convocation date may be incorrect!
[3] [4]
\@defbaselineskip=\skip61
 (./main.toc)
\tf@toc=\write5
\openout5 = `main.toc'.

 [5

] (./main.lot)
\tf@lot=\write6
\openout6 = `main.lot'.

 [6

] (./main.lof)
\tf@lof=\write7
\openout7 = `main.lof'.

 [7

] (./abstract.tex
Missing character: There is no ‚ in font cmr12!
Missing character: There is no Ä in font cmr12!
Missing character: There is no ô in font cmr12!
pdfTeX warning (ext4): destination with the same identifier (name{page.i}) has 
been already used, duplicate ignored
<to be read again> 
                   \relax 
l.6 
     [1]pdfTeX warning (ext4): destination with the same identifier (name{page.
ii}) has been already used, duplicate ignored
<to be read again> 
                   \relax 
l.9 \end{abstract}
                   [2]) (./acknowledgement.tex
Underfull \hbox (badness 10000) in paragraph at lines 10--17

 []


Underfull \hbox (badness 10000) in paragraph at lines 18--19

 []

)pdfTeX warning (ext4): destination with the same identifier (name{page.i}) has
 been already used, duplicate ignored
<to be read again> 
                   \relax 
l.115 \afterpreface
                    %\pagestyle{headings} [1

]
Dalthesis preface pages completed.

Package Fancyhdr Warning: \fancyhead's `E' option without twoside option is use
less on input line 119.


Package Fancyhdr Warning: \fancyhead's `E' option without twoside option is use
less on input line 121.

\openout2 = `mycontri.aux'.

(./mycontri.tex
Missing character: There is no √ in font cmr12!
Missing character: There is no © in font cmr12!
Missing character: There is no √ in font cmr12!
Missing character: There is no © in font cmr12!
Missing character: There is no ≈ in font cmr12!
Missing character: There is no Ç in font cmr12!
Missing character: There is no ≈ in font cmr12!
Missing character: There is no Ñ in font cmr12!
Missing character: There is no ≈ in font cmr12!
Missing character: There is no Ç in font cmr12!
Missing character: There is no ‚ in font cmr12!
Missing character: There is no Ä in font cmr12!
Missing character: There is no ì in font cmr12!
) [1


]

Package Fancyhdr Warning: \headheight is too small (12.0pt): 
 Make it at least 14.49998pt.
 We now make it that large for the rest of the document.
 This may cause the page layout to be inconsistent, however.

[2]
\openout2 = `chapt1.aux'.

 (./chapt1.tex
Chapter 1.

LaTeX Warning: Citation `atlas' on page 3 undefined on input line 18.


LaTeX Warning: Citation `lhcb' on page 3 undefined on input line 19.


LaTeX Warning: Citation `alice' on page 3 undefined on input line 19.

<pic/complex.jpg, id=161, 492.8814pt x 544.9158pt>
File: pic/complex.jpg Graphic file (type jpg)
 <use pic/complex.jpg>

LaTeX Warning: `h' float specifier changed to `ht'.

[3



] <pic/cms-pic.jpg, id=170, 579.66562pt x 417.81094pt>
File: pic/cms-pic.jpg Graphic file (type jpg)
 <use pic/cms-pic.jpg>
[4 <./pic/complex.jpg>]

LaTeX Warning: Citation `cms-tdr1' on page 5 undefined on input line 87.


LaTeX Warning: Citation `tdr2' on page 5 undefined on input line 87.


LaTeX Warning: Citation `karim' on page 5 undefined on input line 103.

[5 <./pic/cms-pic.jpg>]

LaTeX Warning: Citation `cms-tdr1' on page 6 undefined on input line 156.

<pic/ecal.jpg, id=180, 449.42906pt x 225.84375pt>
File: pic/ecal.jpg Graphic file (type jpg)
 <use pic/ecal.jpg> [6]
[7 <./pic/ecal.jpg>]

LaTeX Warning: Citation `muon1997' on page 8 undefined on input line 200.


LaTeX Warning: Citation `Cosmic' on page 8 undefined on input line 200.

<pic/rpclayout.jpg, id=189, 725.53412pt x 544.9158pt>
File: pic/rpclayout.jpg Graphic file (type jpg)
 <use pic/rpclayout.jpg>

LaTeX Warning: `h' float specifier changed to `ht'.


LaTeX Warning: Citation `hlt' on page 8 undefined on input line 223.


LaTeX Warning: Citation `hlt1' on page 8 undefined on input line 223.

[8] [9 <./pic/rpclayout.jpg>]
<pic/CERN_CMS_DAQ.png, id=199, 399.74344pt x 176.91093pt>
File: pic/CERN_CMS_DAQ.png Graphic file (type png)

<use pic/CERN_CMS_DAQ.png> [10 <./pic/CERN_CMS_DAQ.png (PNG copy)>]) [11]
(./main.bbl) [12


] (./main.aux (./mycontri.aux) (./chapt1.aux))

LaTeX Warning: There were undefined references.

 ) 
Here is how much of TeX's memory you used:
 4337 strings out of 256216
 55581 string characters out of 1917072
 121699 words of memory out of 1500000
 7471 multiletter control sequences out of 10000+200000
 13766 words of font info for 55 fonts, out of 1200000 for 2000
 645 hyphenation exceptions out of 8191
 27i,11n,43p,1712b,351s stack positions out of 5000i,500n,6000p,200000b,15000s
</usr/share/texmf/fonts/type1/bluesky/cm/cmbx12.pfb></usr/share/texmf/fonts/t
ype1/bluesky/cm/cmmi12.pfb></usr/share/texmf/fonts/type1/bluesky/cm/cmr10.pfb><
/usr/share/texmf/fonts/type1/bluesky/cm/cmr12.pfb></usr/share/texmf/fonts/type1
/bluesky/cm/cmr17.pfb></usr/share/texmf/fonts/type1/bluesky/cm/cmr8.pfb></usr/s
hare/texmf/fonts/type1/bluesky/cm/cmsy10.pfb></usr/share/texmf/fonts/type1/blue
sky/cm/cmsy8.pfb></usr/share/texmf/fonts/type1/bluesky/cm/cmti12.pfb></usr/shar
e/texmf/fonts/type1/bluesky/cm/cmtt12.pfb>
Output written on main.pdf (22 pages, 410639 bytes).
PDF statistics:
 261 PDF objects out of 1000 (max. 8388607)
 44 named destinations out of 1000 (max. 131072)
 183 words of extra memory for PDF output out of 10000 (max. 10000000)

